mode: set
github.com/GustavoGutierrez/devpixelforge-bridge/example/main.go:17.13,25.2 4 0
github.com/GustavoGutierrez/devpixelforge-bridge/example/main.go:27.16,38.16 5 0
github.com/GustavoGutierrez/devpixelforge-bridge/example/main.go:38.16,40.3 1 0
github.com/GustavoGutierrez/devpixelforge-bridge/example/main.go:41.2,49.16 3 0
github.com/GustavoGutierrez/devpixelforge-bridge/example/main.go:49.16,51.3 1 0
github.com/GustavoGutierrez/devpixelforge-bridge/example/main.go:52.2,56.16 3 0
github.com/GustavoGutierrez/devpixelforge-bridge/example/main.go:56.16,58.3 1 0
github.com/GustavoGutierrez/devpixelforge-bridge/example/main.go:59.2,63.16 3 0
github.com/GustavoGutierrez/devpixelforge-bridge/example/main.go:63.16,65.3 1 0
github.com/GustavoGutierrez/devpixelforge-bridge/example/main.go:66.2,80.16 4 0
github.com/GustavoGutierrez/devpixelforge-bridge/example/main.go:80.16,82.3 1 0
github.com/GustavoGutierrez/devpixelforge-bridge/example/main.go:83.2,95.16 4 0
github.com/GustavoGutierrez/devpixelforge-bridge/example/main.go:95.16,97.3 1 0
github.com/GustavoGutierrez/devpixelforge-bridge/example/main.go:98.2,114.16 4 0
github.com/GustavoGutierrez/devpixelforge-bridge/example/main.go:114.16,116.3 1 0
github.com/GustavoGutierrez/devpixelforge-bridge/example/main.go:117.2,130.16 4 0
github.com/GustavoGutierrez/devpixelforge-bridge/example/main.go:130.16,132.3 1 0
github.com/GustavoGutierrez/devpixelforge-bridge/example/main.go:133.2,144.16 4 0
github.com/GustavoGutierrez/devpixelforge-bridge/example/main.go:144.16,146.3 1 0
github.com/GustavoGutierrez/devpixelforge-bridge/example/main.go:147.2,162.16 4 0
github.com/GustavoGutierrez/devpixelforge-bridge/example/main.go:162.16,164.3 1 0
github.com/GustavoGutierrez/devpixelforge-bridge/example/main.go:165.2,178.16 4 0
github.com/GustavoGutierrez/devpixelforge-bridge/example/main.go:178.16,180.3 1 0
github.com/GustavoGutierrez/devpixelforge-bridge/example/main.go:181.2,181.35 1 0
github.com/GustavoGutierrez/devpixelforge-bridge/example/main.go:184.18,188.16 2 0
github.com/GustavoGutierrez/devpixelforge-bridge/example/main.go:188.16,190.3 1 0
github.com/GustavoGutierrez/devpixelforge-bridge/example/main.go:191.2,221.27 3 0
github.com/GustavoGutierrez/devpixelforge-bridge/example/main.go:221.27,226.17 4 0
github.com/GustavoGutierrez/devpixelforge-bridge/example/main.go:226.17,228.12 2 0
github.com/GustavoGutierrez/devpixelforge-bridge/example/main.go:230.3,233.29 2 0
github.com/GustavoGutierrez/devpixelforge-bridge/example/main.go:233.29,235.4 1 0
github.com/GustavoGutierrez/devpixelforge-bridge/example/main.go:311.55,315.37 4 0
github.com/GustavoGutierrez/devpixelforge-bridge/example/main.go:315.37,318.3 1 0
github.com/GustavoGutierrez/devpixelforge-bridge/example/main.go:319.2,319.28 1 0
github.com/GustavoGutierrez/devpixelforge-bridge/example/main.go:319.28,324.3 4 0
github.com/GustavoGutierrez/devpixelforge-bridge/example/main.go:327.37,327.50 1 0
github.com/GustavoGutierrez/devpixelforge-bridge/example/main.go:328.37,328.50 1 0
github.com/GustavoGutierrez/devpixelforge-bridge/example/main.go:329.37,329.50 1 0
github.com/GustavoGutierrez/devpixelforge-bridge/example/main.go:330.37,330.50 1 0
github.com/GustavoGutierrez/devpixelforge-bridge/example/main.go:331.37,331.50 1 0
github.com/GustavoGutierrez/devpixelforge-bridge/example/markdown_to_pdf_examples.go:15.30,29.16 6 0
github.com/GustavoGutierrez/devpixelforge-bridge/example/markdown_to_pdf_examples.go:29.16,31.3 1 0
github.com/GustavoGutierrez/devpixelforge-bridge/example/markdown_to_pdf_examples.go:31.8,31.87 1 0
github.com/GustavoGutierrez/devpixelforge-bridge/example/markdown_to_pdf_examples.go:31.87,33.23 2 0
github.com/GustavoGutierrez/devpixelforge-bridge/example/markdown_to_pdf_examples.go:33.23,35.4 1 0
github.com/GustavoGutierrez/devpixelforge-bridge/example/markdown_to_pdf_examples.go:35.9,37.4 1 0
github.com/GustavoGutierrez/devpixelforge-bridge/example/markdown_to_pdf_examples.go:40.2,47.16 3 0
github.com/GustavoGutierrez/devpixelforge-bridge/example/markdown_to_pdf_examples.go:47.16,49.3 1 0
github.com/GustavoGutierrez/devpixelforge-bridge/example/markdown_to_pdf_examples.go:49.8,51.3 1 0
github.com/GustavoGutierrez/devpixelforge-bridge/dpf.go:137.43,142.2 1 1
github.com/GustavoGutierrez/devpixelforge-bridge/dpf.go:145.46,147.2 1 0
github.com/GustavoGutierrez/devpixelforge-bridge/dpf.go:151.76,153.16 2 1
github.com/GustavoGutierrez/devpixelforge-bridge/dpf.go:153.16,155.3 1 0
github.com/GustavoGutierrez/devpixelforge-bridge/dpf.go:157.2,163.16 5 1
github.com/GustavoGutierrez/devpixelforge-bridge/dpf.go:163.16,164.47 1 0
github.com/GustavoGutierrez/devpixelforge-bridge/dpf.go:164.47,166.4 1 0
github.com/GustavoGutierrez/devpixelforge-bridge/dpf.go:167.3,167.63 1 0
github.com/GustavoGutierrez/devpixelforge-bridge/dpf.go:170.2,171.56 2 1
github.com/GustavoGutierrez/devpixelforge-bridge/dpf.go:171.56,173.3 1 0
github.com/GustavoGutierrez/devpixelforge-bridge/dpf.go:175.2,175.21 1 1
github.com/GustavoGutierrez/devpixelforge-bridge/dpf.go:181.108,188.2 1 0
github.com/GustavoGutierrez/devpixelforge-bridge/dpf.go:191.103,198.2 1 0
github.com/GustavoGutierrez/devpixelforge-bridge/dpf.go:201.97,208.2 1 0
github.com/GustavoGutierrez/devpixelforge-bridge/dpf.go:211.92,219.2 1 0
github.com/GustavoGutierrez/devpixelforge-bridge/dpf.go:222.85,228.2 1 0
github.com/GustavoGutierrez/devpixelforge-bridge/dpf.go:231.115,238.2 1 0
github.com/GustavoGutierrez/devpixelforge-bridge/dpf.go:241.114,249.2 1 0
github.com/GustavoGutierrez/devpixelforge-bridge/dpf.go:252.110,259.2 1 0
github.com/GustavoGutierrez/devpixelforge-bridge/dpf.go:262.142,270.2 1 0
github.com/GustavoGutierrez/devpixelforge-bridge/dpf.go:275.78,276.25 1 0
github.com/GustavoGutierrez/devpixelforge-bridge/dpf.go:276.25,278.3 1 0
github.com/GustavoGutierrez/devpixelforge-bridge/dpf.go:279.2,279.28 1 0
github.com/GustavoGutierrez/devpixelforge-bridge/dpf.go:283.82,284.25 1 0
github.com/GustavoGutierrez/devpixelforge-bridge/dpf.go:284.25,286.3 1 0
github.com/GustavoGutierrez/devpixelforge-bridge/dpf.go:287.2,287.28 1 0
github.com/GustavoGutierrez/devpixelforge-bridge/dpf.go:291.88,292.25 1 0
github.com/GustavoGutierrez/devpixelforge-bridge/dpf.go:292.25,294.3 1 0
github.com/GustavoGutierrez/devpixelforge-bridge/dpf.go:295.2,295.28 1 0
github.com/GustavoGutierrez/devpixelforge-bridge/dpf.go:299.82,300.25 1 0
github.com/GustavoGutierrez/devpixelforge-bridge/dpf.go:300.25,302.3 1 0
github.com/GustavoGutierrez/devpixelforge-bridge/dpf.go:303.2,303.28 1 0
github.com/GustavoGutierrez/devpixelforge-bridge/dpf.go:307.88,308.25 1 0
github.com/GustavoGutierrez/devpixelforge-bridge/dpf.go:308.25,310.3 1 0
github.com/GustavoGutierrez/devpixelforge-bridge/dpf.go:311.2,311.28 1 0
github.com/GustavoGutierrez/devpixelforge-bridge/dpf.go:315.82,316.25 1 0
github.com/GustavoGutierrez/devpixelforge-bridge/dpf.go:316.25,318.3 1 0
github.com/GustavoGutierrez/devpixelforge-bridge/dpf.go:319.2,319.28 1 0
github.com/GustavoGutierrez/devpixelforge-bridge/dpf.go:323.78,324.25 1 0
github.com/GustavoGutierrez/devpixelforge-bridge/dpf.go:324.25,326.3 1 0
github.com/GustavoGutierrez/devpixelforge-bridge/dpf.go:328.2,328.28 1 0
github.com/GustavoGutierrez/devpixelforge-bridge/dpf.go:332.96,333.25 1 1
github.com/GustavoGutierrez/devpixelforge-bridge/dpf.go:333.25,335.3 1 1
github.com/GustavoGutierrez/devpixelforge-bridge/dpf.go:336.2,336.28 1 1
github.com/GustavoGutierrez/devpixelforge-bridge/dpf.go:341.98,342.25 1 0
github.com/GustavoGutierrez/devpixelforge-bridge/dpf.go:342.25,344.3 1 0
github.com/GustavoGutierrez/devpixelforge-bridge/dpf.go:345.2,345.28 1 0
github.com/GustavoGutierrez/devpixelforge-bridge/dpf.go:348.92,349.25 1 0
github.com/GustavoGutierrez/devpixelforge-bridge/dpf.go:349.25,351.3 1 0
github.com/GustavoGutierrez/devpixelforge-bridge/dpf.go:352.2,352.28 1 0
github.com/GustavoGutierrez/devpixelforge-bridge/dpf.go:355.88,356.25 1 0
github.com/GustavoGutierrez/devpixelforge-bridge/dpf.go:356.25,358.3 1 0
github.com/GustavoGutierrez/devpixelforge-bridge/dpf.go:359.2,359.28 1 0
github.com/GustavoGutierrez/devpixelforge-bridge/dpf.go:362.98,363.25 1 0
github.com/GustavoGutierrez/devpixelforge-bridge/dpf.go:363.25,365.3 1 0
github.com/GustavoGutierrez/devpixelforge-bridge/dpf.go:366.2,366.28 1 0
github.com/GustavoGutierrez/devpixelforge-bridge/dpf.go:369.94,370.25 1 0
github.com/GustavoGutierrez/devpixelforge-bridge/dpf.go:370.25,372.3 1 0
github.com/GustavoGutierrez/devpixelforge-bridge/dpf.go:373.2,373.28 1 0
github.com/GustavoGutierrez/devpixelforge-bridge/dpf.go:376.96,377.25 1 0
github.com/GustavoGutierrez/devpixelforge-bridge/dpf.go:377.25,379.3 1 0
github.com/GustavoGutierrez/devpixelforge-bridge/dpf.go:380.2,380.28 1 0
github.com/GustavoGutierrez/devpixelforge-bridge/dpf.go:385.98,386.25 1 0
github.com/GustavoGutierrez/devpixelforge-bridge/dpf.go:386.25,388.3 1 0
github.com/GustavoGutierrez/devpixelforge-bridge/dpf.go:389.2,389.28 1 0
github.com/GustavoGutierrez/devpixelforge-bridge/dpf.go:392.88,393.25 1 0
github.com/GustavoGutierrez/devpixelforge-bridge/dpf.go:393.25,395.3 1 0
github.com/GustavoGutierrez/devpixelforge-bridge/dpf.go:396.2,396.28 1 0
github.com/GustavoGutierrez/devpixelforge-bridge/dpf.go:399.98,400.25 1 0
github.com/GustavoGutierrez/devpixelforge-bridge/dpf.go:400.25,402.3 1 0
github.com/GustavoGutierrez/devpixelforge-bridge/dpf.go:403.2,403.28 1 0
github.com/GustavoGutierrez/devpixelforge-bridge/dpf.go:406.102,407.25 1 0
github.com/GustavoGutierrez/devpixelforge-bridge/dpf.go:407.25,409.3 1 0
github.com/GustavoGutierrez/devpixelforge-bridge/dpf.go:410.2,410.28 1 0
github.com/GustavoGutierrez/devpixelforge-bridge/dpf.go:425.64,429.16 3 1
github.com/GustavoGutierrez/devpixelforge-bridge/dpf.go:429.16,431.3 1 0
github.com/GustavoGutierrez/devpixelforge-bridge/dpf.go:433.2,434.16 2 1
github.com/GustavoGutierrez/devpixelforge-bridge/dpf.go:434.16,436.3 1 0
github.com/GustavoGutierrez/devpixelforge-bridge/dpf.go:438.2,438.36 1 1
github.com/GustavoGutierrez/devpixelforge-bridge/dpf.go:438.36,440.3 1 0
github.com/GustavoGutierrez/devpixelforge-bridge/dpf.go:442.2,446.8 1 1
github.com/GustavoGutierrez/devpixelforge-bridge/dpf.go:451.62,456.16 4 1
github.com/GustavoGutierrez/devpixelforge-bridge/dpf.go:456.16,458.3 1 0
github.com/GustavoGutierrez/devpixelforge-bridge/dpf.go:461.2,461.62 1 1
github.com/GustavoGutierrez/devpixelforge-bridge/dpf.go:461.62,463.3 1 0
github.com/GustavoGutierrez/devpixelforge-bridge/dpf.go:466.2,467.16 2 1
github.com/GustavoGutierrez/devpixelforge-bridge/dpf.go:467.16,469.3 1 0
github.com/GustavoGutierrez/devpixelforge-bridge/dpf.go:471.2,472.54 2 1
github.com/GustavoGutierrez/devpixelforge-bridge/dpf.go:472.54,474.3 1 0
github.com/GustavoGutierrez/devpixelforge-bridge/dpf.go:476.2,476.21 1 1
github.com/GustavoGutierrez/devpixelforge-bridge/dpf.go:480.39,483.2 2 1
github.com/GustavoGutierrez/devpixelforge-bridge/dpf.go:488.64,489.25 1 0
github.com/GustavoGutierrez/devpixelforge-bridge/dpf.go:489.25,491.3 1 0
github.com/GustavoGutierrez/devpixelforge-bridge/dpf.go:492.2,492.24 1 0
github.com/GustavoGutierrez/devpixelforge-bridge/dpf.go:496.68,497.25 1 0
github.com/GustavoGutierrez/devpixelforge-bridge/dpf.go:497.25,499.3 1 0
github.com/GustavoGutierrez/devpixelforge-bridge/dpf.go:500.2,500.24 1 0
github.com/GustavoGutierrez/devpixelforge-bridge/dpf.go:504.74,505.25 1 0
github.com/GustavoGutierrez/devpixelforge-bridge/dpf.go:505.25,507.3 1 0
github.com/GustavoGutierrez/devpixelforge-bridge/dpf.go:508.2,508.24 1 0
github.com/GustavoGutierrez/devpixelforge-bridge/dpf.go:512.68,513.25 1 0
github.com/GustavoGutierrez/devpixelforge-bridge/dpf.go:513.25,515.3 1 0
github.com/GustavoGutierrez/devpixelforge-bridge/dpf.go:516.2,516.24 1 0
github.com/GustavoGutierrez/devpixelforge-bridge/dpf.go:520.74,521.25 1 0
github.com/GustavoGutierrez/devpixelforge-bridge/dpf.go:521.25,523.3 1 0
github.com/GustavoGutierrez/devpixelforge-bridge/dpf.go:524.2,524.24 1 0
github.com/GustavoGutierrez/devpixelforge-bridge/dpf.go:528.68,529.25 1 0
github.com/GustavoGutierrez/devpixelforge-bridge/dpf.go:529.25,531.3 1 0
github.com/GustavoGutierrez/devpixelforge-bridge/dpf.go:532.2,532.24 1 0
github.com/GustavoGutierrez/devpixelforge-bridge/dpf.go:536.64,537.25 1 0
github.com/GustavoGutierrez/devpixelforge-bridge/dpf.go:537.25,539.3 1 0
github.com/GustavoGutierrez/devpixelforge-bridge/dpf.go:541.2,541.24 1 0
github.com/GustavoGutierrez/devpixelforge-bridge/dpf.go:545.82,546.25 1 1
github.com/GustavoGutierrez/devpixelforge-bridge/dpf.go:546.25,548.3 1 1
github.com/GustavoGutierrez/devpixelforge-bridge/dpf.go:549.2,549.24 1 1
github.com/GustavoGutierrez/devpixelforge-bridge/dpf.go:554.84,555.25 1 0
github.com/GustavoGutierrez/devpixelforge-bridge/dpf.go:555.25,557.3 1 0
github.com/GustavoGutierrez/devpixelforge-bridge/dpf.go:558.2,558.24 1 0
github.com/GustavoGutierrez/devpixelforge-bridge/dpf.go:561.78,562.25 1 0
github.com/GustavoGutierrez/devpixelforge-bridge/dpf.go:562.25,564.3 1 0
github.com/GustavoGutierrez/devpixelforge-bridge/dpf.go:565.2,565.24 1 0
github.com/GustavoGutierrez/devpixelforge-bridge/dpf.go:568.74,569.25 1 0
github.com/GustavoGutierrez/devpixelforge-bridge/dpf.go:569.25,571.3 1 0
github.com/GustavoGutierrez/devpixelforge-bridge/dpf.go:572.2,572.24 1 0
github.com/GustavoGutierrez/devpixelforge-bridge/dpf.go:575.84,576.25 1 0
github.com/GustavoGutierrez/devpixelforge-bridge/dpf.go:576.25,578.3 1 0
github.com/GustavoGutierrez/devpixelforge-bridge/dpf.go:579.2,579.24 1 0
github.com/GustavoGutierrez/devpixelforge-bridge/dpf.go:582.80,583.25 1 0
github.com/GustavoGutierrez/devpixelforge-bridge/dpf.go:583.25,585.3 1 0
github.com/GustavoGutierrez/devpixelforge-bridge/dpf.go:586.2,586.24 1 0
github.com/GustavoGutierrez/devpixelforge-bridge/dpf.go:589.82,590.25 1 0
github.com/GustavoGutierrez/devpixelforge-bridge/dpf.go:590.25,592.3 1 0
github.com/GustavoGutierrez/devpixelforge-bridge/dpf.go:593.2,593.24 1 0
github.com/GustavoGutierrez/devpixelforge-bridge/dpf.go:598.84,599.25 1 0
github.com/GustavoGutierrez/devpixelforge-bridge/dpf.go:599.25,601.3 1 0
github.com/GustavoGutierrez/devpixelforge-bridge/dpf.go:602.2,602.24 1 0
github.com/GustavoGutierrez/devpixelforge-bridge/dpf.go:605.74,606.25 1 0
github.com/GustavoGutierrez/devpixelforge-bridge/dpf.go:606.25,608.3 1 0
github.com/GustavoGutierrez/devpixelforge-bridge/dpf.go:609.2,609.24 1 0
github.com/GustavoGutierrez/devpixelforge-bridge/dpf.go:612.84,613.25 1 0
github.com/GustavoGutierrez/devpixelforge-bridge/dpf.go:613.25,615.3 1 0
github.com/GustavoGutierrez/devpixelforge-bridge/dpf.go:616.2,616.24 1 0
github.com/GustavoGutierrez/devpixelforge-bridge/dpf.go:619.88,620.25 1 0
github.com/GustavoGutierrez/devpixelforge-bridge/dpf.go:620.25,622.3 1 0
github.com/GustavoGutierrez/devpixelforge-bridge/dpf.go:623.2,623.24 1 0
